# JRE version: OpenJDK Runtime Environment Corretto-11.0.9.12.1 (11.0.9.1+12) (build 11.0.9.1+12-LTS)
# Java VM: OpenJDK 64-Bit Server VM Corretto-11.0.9.12.1 (11.0.9.1+12-LTS, mixed mode, tiered, compressed oops, g1 gc, windows-amd64)
Heap:
 garbage-first heap   total 155648K, used 69423K [0x0000000082400000, 0x0000000100000000)
  region size 1024K, 45 young (46080K), 9 survivors (9216K)
 Metaspace       used 79913K, capacity 81881K, committed 81948K, reserved 1120256K
  class space    used 10233K, capacity 11016K, committed 11080K, reserved 1048576K
GC Heap History (20 events):
Event: 1.665 GC heap before
{Heap before GC invocations=1 (full 0):
 garbage-first heap   total 129024K, used 52013K [0x0000000082400000, 0x0000000100000000)
  region size 1024K, 47 young (48128K), 3 survivors (3072K)
 Metaspace       used 11882K, capacity 12052K, committed 12288K, reserved 1060864K
  class space    used 1140K, capacity 1187K, committed 1280K, reserved 1048576K
}
Event: 1.669 GC heap after
{Heap after GC invocations=2 (full 0):
 garbage-first heap   total 129024K, used 8354K [0x0000000082400000, 0x0000000100000000)
  region size 1024K, 4 young (4096K), 4 survivors (4096K)
 Metaspace       used 11882K, capacity 12052K, committed 12288K, reserved 1060864K
  class space    used 1140K, capacity 1187K, committed 1280K, reserved 1048576K
}
Event: 2.814 GC heap before
{Heap before GC invocations=2 (full 0):
 garbage-first heap   total 129024K, used 57506K [0x0000000082400000, 0x0000000100000000)
  region size 1024K, 54 young (55296K), 4 survivors (4096K)
 Metaspace       used 20775K, capacity 21222K, committed 21248K, reserved 1069056K
  class space    used 2336K, capacity 2551K, committed 2560K, reserved 1048576K
}
Event: 2.834 GC heap after
{Heap after GC invocations=3 (full 0):
 garbage-first heap   total 129024K, used 10466K [0x0000000082400000, 0x0000000100000000)
  region size 1024K, 6 young (6144K), 6 survivors (6144K)
 Metaspace       used 20775K, capacity 21222K, committed 21248K, reserved 1069056K
  class space    used 2336K, capacity 2551K, committed 2560K, reserved 1048576K
}
Event: 3.331 GC heap before
{Heap before GC invocations=4 (full 0):
 garbage-first heap   total 129024K, used 80098K [0x0000000082400000, 0x0000000100000000)
  region size 1024K, 75 young (76800K), 6 survivors (6144K)
 Metaspace       used 25682K, capacity 26266K, committed 26364K, reserved 1073152K
  class space    used 2979K, capacity 3229K, committed 3324K, reserved 1048576K
}
Event: 3.343 GC heap after
{Heap after GC invocations=5 (full 0):
 garbage-first heap   total 129024K, used 12212K [0x0000000082400000, 0x0000000100000000)
  region size 1024K, 5 young (5120K), 5 survivors (5120K)
 Metaspace       used 25682K, capacity 26266K, committed 26364K, reserved 1073152K
  class space    used 2979K, capacity 3229K, committed 3324K, reserved 1048576K
}
Event: 4.949 GC heap before
{Heap before GC invocations=6 (full 0):
 garbage-first heap   total 129024K, used 82868K [0x0000000082400000, 0x0000000100000000)
  region size 1024K, 75 young (76800K), 5 survivors (5120K)
 Metaspace       used 32950K, capacity 33814K, committed 34172K, reserved 1079296K
  class space    used 3976K, capacity 4338K, committed 4476K, reserved 1048576K
}
Event: 4.955 GC heap after
{Heap after GC invocations=7 (full 0):
 garbage-first heap   total 129024K, used 14292K [0x0000000082400000, 0x0000000100000000)
  region size 1024K, 7 young (7168K), 7 survivors (7168K)
 Metaspace       used 32950K, capacity 33814K, committed 34172K, reserved 1079296K
  class space    used 3976K, capacity 4338K, committed 4476K, reserved 1048576K
}
Event: 6.747 GC heap before
{Heap before GC invocations=7 (full 0):
 garbage-first heap   total 129024K, used 82900K [0x0000000082400000, 0x0000000100000000)
  region size 1024K, 75 young (76800K), 7 survivors (7168K)
 Metaspace       used 41160K, capacity 42324K, committed 42492K, reserved 1085440K
  class space    used 5017K, capacity 5475K, committed 5628K, reserved 1048576K
}
Event: 6.760 GC heap after
{Heap after GC invocations=8 (full 0):
 garbage-first heap   total 129024K, used 21882K [0x0000000082400000, 0x0000000100000000)
  region size 1024K, 10 young (10240K), 10 survivors (10240K)
 Metaspace       used 41160K, capacity 42324K, committed 42492K, reserved 1085440K
  class space    used 5017K, capacity 5475K, committed 5628K, reserved 1048576K
}
Event: 6.949 GC heap before
{Heap before GC invocations=8 (full 0):
 garbage-first heap   total 129024K, used 88442K [0x0000000082400000, 0x0000000100000000)
  region size 1024K, 75 young (76800K), 10 survivors (10240K)
 Metaspace       used 41756K, capacity 42892K, committed 43260K, reserved 1087488K
  class space    used 5072K, capacity 5515K, committed 5628K, reserved 1048576K
}
Event: 6.958 GC heap after
{Heap after GC invocations=9 (full 0):
 garbage-first heap   total 155648K, used 21715K [0x0000000082400000, 0x0000000100000000)
  region size 1024K, 2 young (2048K), 2 survivors (2048K)
 Metaspace       used 41756K, capacity 42892K, committed 43260K, reserved 1087488K
  class space    used 5072K, capacity 5515K, committed 5628K, reserved 1048576K
}
Event: 7.229 GC heap before
{Heap before GC invocations=9 (full 0):
 garbage-first heap   total 155648K, used 62675K [0x0000000082400000, 0x0000000100000000)
  region size 1024K, 44 young (45056K), 2 survivors (2048K)
 Metaspace       used 43028K, capacity 44275K, committed 44368K, reserved 1087488K
  class space    used 5217K, capacity 5722K, committed 5756K, reserved 1048576K
}
Event: 7.233 GC heap after
{Heap after GC invocations=10 (full 0):
 garbage-first heap   total 155648K, used 21248K [0x0000000082400000, 0x0000000100000000)
  region size 1024K, 2 young (2048K), 2 survivors (2048K)
 Metaspace       used 43028K, capacity 44275K, committed 44368K, reserved 1087488K
  class space    used 5217K, capacity 5722K, committed 5756K, reserved 1048576K
}
Event: 9.004 GC heap before
{Heap before GC invocations=11 (full 0):
 garbage-first heap   total 155648K, used 112384K [0x0000000082400000, 0x0000000100000000)
  region size 1024K, 91 young (93184K), 2 survivors (2048K)
 Metaspace       used 56014K, capacity 57345K, committed 57500K, reserved 1099776K
  class space    used 7038K, capacity 7576K, committed 7624K, reserved 1048576K
}
Event: 9.013 GC heap after
{Heap after GC invocations=12 (full 0):
 garbage-first heap   total 155648K, used 25355K [0x0000000082400000, 0x0000000100000000)
  region size 1024K, 6 young (6144K), 6 survivors (6144K)
 Metaspace       used 56014K, capacity 57345K, committed 57500K, reserved 1099776K
  class space    used 7038K, capacity 7576K, committed 7624K, reserved 1048576K
}
Event: 10.747 GC heap before
{Heap before GC invocations=13 (full 0):
 garbage-first heap   total 155648K, used 112395K [0x0000000082400000, 0x0000000100000000)
  region size 1024K, 91 young (93184K), 6 survivors (6144K)
 Metaspace       used 67164K, capacity 68757K, committed 68892K, reserved 1110016K
  class space    used 8627K, capacity 9265K, committed 9288K, reserved 1048576K
}
Event: 10.754 GC heap after
{Heap after GC invocations=14 (full 0):
 garbage-first heap   total 155648K, used 28759K [0x0000000082400000, 0x0000000100000000)
  region size 1024K, 9 young (9216K), 9 survivors (9216K)
 Metaspace       used 67164K, capacity 68757K, committed 68892K, reserved 1110016K
  class space    used 8627K, capacity 9265K, committed 9288K, reserved 1048576K
}
Event: 48.821 GC heap before
{Heap before GC invocations=14 (full 0):
 garbage-first heap   total 155648K, used 111703K [0x0000000082400000, 0x0000000100000000)
  region size 1024K, 91 young (93184K), 9 survivors (9216K)
 Metaspace       used 77094K, capacity 78990K, committed 79260K, reserved 1118208K
  class space    used 9909K, capacity 10674K, committed 10696K, reserved 1048576K
}
Event: 48.831 GC heap after
{Heap after GC invocations=15 (full 0):
 garbage-first heap   total 155648K, used 33583K [0x0000000082400000, 0x0000000100000000)
  region size 1024K, 9 young (9216K), 9 survivors (9216K)
 Metaspace       used 77094K, capacity 78990K, committed 79260K, reserved 1118208K
  class space    used 9909K, capacity 10674K, committed 10696K, reserved 1048576K
}

